<?xml version="1.0" encoding="UTF-8"?>
<testsuite xmlns:xsi="http://www.w3.org/2001/XMLSchema-instance" xsi:noNamespaceSchemaLocation="https://maven.apache.org/surefire/maven-surefire-plugin/xsd/surefire-test-report-3.0.xsd" version="3.0" name="com.financemanager.controller.BudgetControllerTest" time="0.0" tests="4" errors="0" skipped="0" failures="0">
  <properties>
[...]
</properties>
  <testcase name="testGetBudgetsForMonth" classname="com.financemanager.controller.BudgetControllerTest" time="0.0"/>
  <testcase name="testUpdateBudgetSpending" classname="com.financemanager.controller.BudgetControllerTest" time="0.0"/>
  <testcase name="testAddBudget" classname="com.financemanager.controller.BudgetControllerTest" time="0.0"/>
  <testcase name="testCalculateTotalBudgetAndSpent" classname="com.financemanager.controller.BudgetControllerTest" time="0.0"/>
</testsuite>